ERROR   message: 8|Undefined offset: 2|C:\xampp\htdocs\ucg\classes\app.php|47  (2012-03-18T05:48:09+01:00 )
ERROR   message: 2|Missing argument 1 for form_addtask(), called in C:\xampp\htdocs\ucg\modules\rss_list.php on line 55 and defined|C:\xampp\htdocs\ucg\modules\rss_list.php|64  (2012-03-18T05:48:12+01:00 )
ERROR   message: 8|Undefined variable: grab_mask|C:\xampp\htdocs\ucg\modules\rss_list.php|93  (2012-03-18T05:48:33+01:00 )
ERROR   message: 2|Missing argument 1 for add_url_list_task(), called in C:\xampp\htdocs\ucg\modules\rss_list.php on line 60 and defined|C:\xampp\htdocs\ucg\modules\rss_list.php|97  (2012-03-18T05:50:10+01:00 )
ERROR   message: 8|Undefined offset: 2|C:\xampp\htdocs\ucg\classes\app.php|47  (2012-03-18T05:50:10+01:00 )
ERROR   message: 2|Missing argument 1 for form_addtask(), called in C:\xampp\htdocs\ucg\modules\rss_list.php on line 55 and defined|C:\xampp\htdocs\ucg\modules\rss_list.php|64  (2012-03-18T05:52:03+01:00 )
ERROR   message: 8|Undefined variable: grab_mask|C:\xampp\htdocs\ucg\modules\rss_list.php|93  (2012-03-18T05:52:17+01:00 )
ERROR   message: 8|Undefined variable: grab_mask|C:\xampp\htdocs\ucg\modules\rss_list.php|93  (2012-03-18T05:54:52+01:00 )
ERROR   message: 2|Missing argument 1 for add_url_list_task(), called in C:\xampp\htdocs\ucg\modules\rss_list.php on line 60 and defined|C:\xampp\htdocs\ucg\modules\rss_list.php|97  (2012-03-18T05:55:10+01:00 )
ERROR   message: 8|Undefined offset: 2|C:\xampp\htdocs\ucg\classes\app.php|47  (2012-03-18T05:55:10+01:00 )
ERROR   message: 8|Undefined offset: 2|C:\xampp\htdocs\ucg\classes\app.php|47  (2012-03-18T05:55:18+01:00 )
ERROR   message: 8|Undefined variable: cur|C:\xampp\htdocs\ucg\modules\rsscurl.php|142  (2012-03-18T06:10:46+01:00 )
ERROR   message: 8|Undefined variable: out|C:\xampp\htdocs\ucg\modules\tasks.php|81  (2012-03-18T06:10:47+01:00 )
ERROR   message: 8|Undefined offset: 2|C:\xampp\htdocs\ucg\classes\app.php|47  (2012-03-18T06:10:57+01:00 )
ERROR   message: 8|Undefined offset: 2|C:\xampp\htdocs\ucg\classes\app.php|47  (2012-03-18T06:15:54+01:00 )
ERROR   message: 2|Invalid argument supplied for foreach()|C:\xampp\htdocs\ucg\modules\allrsscurl.php|53  (2012-03-18T06:16:18+01:00 )
ERROR   message: 8|Undefined variable: out|C:\xampp\htdocs\ucg\modules\tasks.php|81  (2012-03-18T06:16:18+01:00 )
ERROR   message: 8|Undefined offset: 2|C:\xampp\htdocs\ucg\classes\app.php|47  (2012-03-18T06:16:25+01:00 )
ERROR   message: 8|Undefined offset: 2|C:\xampp\htdocs\ucg\classes\app.php|47  (2012-03-18T06:17:25+01:00 )
ERROR   message: 2|Invalid argument supplied for foreach()|C:\xampp\htdocs\ucg\modules\allrsscurl.php|53  (2012-03-18T06:17:33+01:00 )
ERROR   message: 8|Undefined variable: out|C:\xampp\htdocs\ucg\modules\tasks.php|81  (2012-03-18T06:17:34+01:00 )
ERROR   message: 8|Undefined offset: 2|C:\xampp\htdocs\ucg\classes\app.php|47  (2012-03-18T06:17:41+01:00 )
ERROR   message: 8|Undefined variable: cur|C:\xampp\htdocs\ucg\modules\rsscurl.php|142  (2012-03-18T06:19:28+01:00 )
ERROR   message: 8|Undefined variable: out|C:\xampp\htdocs\ucg\modules\tasks.php|81  (2012-03-18T06:19:28+01:00 )
ERROR   message: 8|Undefined offset: 2|C:\xampp\htdocs\ucg\classes\app.php|47  (2012-03-18T06:21:35+01:00 )
ERROR   message: 2|Invalid argument supplied for foreach()|C:\xampp\htdocs\ucg\modules\allrsscurl.php|53  (2012-03-18T06:24:25+01:00 )
ERROR   message: 8|Undefined variable: out|C:\xampp\htdocs\ucg\modules\tasks.php|81  (2012-03-18T06:24:26+01:00 )
ERROR   message: 8|Undefined offset: 2|C:\xampp\htdocs\ucg\classes\app.php|47  (2012-03-18T06:24:31+01:00 )
ERROR   message: 2048|Non-static method SimplePie_Misc::array_unique() should not be called statically, assuming $this from incompatible context|C:\xampp\htdocs\ucg\classes\simplepie.php|5576  (2012-03-18T06:25:37+01:00 )
ERROR   message: 8|Undefined variable: out|C:\xampp\htdocs\ucg\modules\tasks.php|81  (2012-03-18T06:25:38+01:00 )
ERROR   message: 8|Undefined offset: 2|C:\xampp\htdocs\ucg\classes\app.php|47  (2012-03-18T06:26:17+01:00 )
ERROR   message: 2048|Non-static method SimplePie_Misc::array_unique() should not be called statically, assuming $this from incompatible context|C:\xampp\htdocs\ucg\classes\simplepie.php|5576  (2012-03-18T06:26:27+01:00 )
ERROR   message: 8|Undefined offset: 2|C:\xampp\htdocs\ucg\classes\app.php|47  (2012-03-18T06:26:28+01:00 )
ERROR   message: 8|Use of undefined constant link - assumed 'link'|C:\xampp\htdocs\ucg\modules\allstart.php|61  (2012-03-18T06:28:41+01:00 )
ERROR   message: 8|Undefined offset: 2|C:\xampp\htdocs\ucg\classes\app.php|47  (2012-03-18T06:28:41+01:00 )
ERROR   message: 8|Undefined variable: out|C:\xampp\htdocs\ucg\modules\tasks.php|81  (2012-03-18T06:29:16+01:00 )
ERROR   message: 8|Undefined offset: 2|C:\xampp\htdocs\ucg\classes\app.php|47  (2012-03-18T06:30:44+01:00 )
ERROR   message: 8|Undefined offset: 1|C:\xampp\htdocs\ucg\modules\ptf.php|89  (2012-03-18T06:38:39+01:00 )
ERROR   message: 8|Undefined variable: out|C:\xampp\htdocs\ucg\modules\ptf.php|198  (2012-03-18T06:38:44+01:00 )
ERROR   message: 8|Undefined offset: 1|C:\xampp\htdocs\ucg\modules\ptf.php|89  (2012-03-18T06:38:48+01:00 )
ERROR   message: 8|Undefined offset: 1|C:\xampp\htdocs\ucg\modules\ptf.php|89  (2012-03-18T06:38:48+01:00 )
ERROR   message: 2|Invalid argument supplied for foreach()|C:\xampp\htdocs\ucg\modules\ptf.php|199  (2012-03-18T06:38:53+01:00 )
ERROR   message: 8|Undefined offset: 2|C:\xampp\htdocs\ucg\classes\app.php|47  (2012-03-18T06:39:02+01:00 )
ERROR   message: 2048|Non-static method SimplePie_Misc::array_unique() should not be called statically, assuming $this from incompatible context|C:\xampp\htdocs\ucg\classes\simplepie.php|5576  (2012-03-18T06:39:13+01:00 )
ERROR   message: 8|Undefined offset: 2|C:\xampp\htdocs\ucg\classes\app.php|47  (2012-03-18T06:39:13+01:00 )
ERROR   message: 2048|Non-static method SimplePie_Misc::array_unique() should not be called statically, assuming $this from incompatible context|C:\xampp\htdocs\ucg\classes\simplepie.php|5576  (2012-03-18T06:40:31+01:00 )
ERROR   message: 8|Undefined offset: 2|C:\xampp\htdocs\ucg\classes\app.php|47  (2012-03-18T06:40:31+01:00 )
ERROR   message: 2|mysql_close(): no MySQL-Link resource supplied|C:\xampp\htdocs\ucg\classes\db.php|103  (2012-03-18T06:44:00+01:00 )
ERROR   message: 8|Undefined offset: 2|C:\xampp\htdocs\ucg\classes\app.php|47  (2012-03-18T06:44:00+01:00 )
ERROR   message: 8|Undefined variable: out|C:\xampp\htdocs\ucg\modules\tasks.php|81  (2012-03-18T06:44:17+01:00 )
ERROR   message: 8|Undefined offset: 1|C:\xampp\htdocs\ucg\modules\ptf.php|89  (2012-03-18T06:44:21+01:00 )
ERROR   message: 8|Undefined variable: out|C:\xampp\htdocs\ucg\modules\ptf.php|198  (2012-03-18T06:44:26+01:00 )
ERROR   message: 8|Undefined offset: 1|C:\xampp\htdocs\ucg\modules\ptf.php|89  (2012-03-18T06:44:34+01:00 )
ERROR   message: 8|Undefined offset: 1|C:\xampp\htdocs\ucg\modules\ptf.php|89  (2012-03-18T06:44:34+01:00 )
ERROR   message: 8|Undefined offset: 2|C:\xampp\htdocs\ucg\classes\app.php|47  (2012-03-18T06:47:29+01:00 )
ERROR   message: 8|Use of undefined constant link - assumed 'link'|C:\xampp\htdocs\ucg\modules\edit_rss_list.php|96  (2012-03-18T06:47:47+01:00 )
ERROR   message: 8|Undefined offset: 2|C:\xampp\htdocs\ucg\classes\app.php|47  (2012-03-18T06:48:04+01:00 )
ERROR   message: 2|Missing argument 1 for form_addtask(), called in C:\xampp\htdocs\ucg\modules\rss_list.php on line 55 and defined|C:\xampp\htdocs\ucg\modules\rss_list.php|64  (2012-03-18T07:43:15+01:00 )
ERROR   message: 8|Undefined offset: 2|C:\xampp\htdocs\ucg\classes\app.php|47  (2012-03-18T07:44:10+01:00 )
ERROR   message: 8|Undefined offset: 2|C:\xampp\htdocs\ucg\classes\app.php|47  (2012-03-24T02:57:30+01:00 )
ERROR   message: 8|Undefined index: page_destination|C:\xampp\htdocs\ucg\modules\login.php|33  (2012-03-24T02:57:45+01:00 )
ERROR   message: 8|Undefined offset: 2|C:\xampp\htdocs\ucg\classes\app.php|47  (2012-03-24T02:57:45+01:00 )
ERROR   message: 8|Undefined offset: 2|C:\xampp\htdocs\ucg\classes\app.php|47  (2012-03-24T02:57:48+01:00 )
ERROR   message: 8|Undefined variable: context|C:\xampp\htdocs\ucg\modules\postprocess.php|108  (2012-03-24T02:57:52+01:00 )
ERROR   message: 8|Undefined variable: context|C:\xampp\htdocs\ucg\modules\postprocess.php|78  (2012-03-24T02:57:59+01:00 )
ERROR   message: 8|Undefined offset: 2|C:\xampp\htdocs\ucg\classes\app.php|47  (2012-04-06T10:23:23+02:00 )
ERROR   message: 8|Undefined index: page_destination|C:\xampp\htdocs\ucg\modules\login.php|33  (2012-04-06T10:23:33+02:00 )
ERROR   message: 8|Undefined offset: 2|C:\xampp\htdocs\ucg\classes\app.php|47  (2012-04-06T10:23:33+02:00 )
ERROR   message: 8|Undefined offset: 2|C:\xampp\htdocs\ucg\classes\app.php|47  (2012-04-06T10:23:53+02:00 )
ERROR   message: 8|Undefined variable: out|C:\xampp\htdocs\ucg\modules\tasks.php|84  (2012-04-06T10:24:12+02:00 )
ERROR   message: 8|Undefined offset: 2|C:\xampp\htdocs\ucg\classes\app.php|47  (2012-04-06T10:24:15+02:00 )
ERROR   message: 8|Undefined offset: 2|C:\xampp\htdocs\ucg\classes\app.php|47  (2012-04-06T10:25:39+02:00 )
ERROR   message: 8|Undefined variable: out|C:\xampp\htdocs\ucg\modules\tasks.php|84  (2012-04-06T10:25:55+02:00 )
ERROR   message: 8|Undefined variable: out|C:\xampp\htdocs\ucg\modules\tasks.php|84  (2012-04-06T10:36:36+02:00 )
ERROR   message: 8|Undefined offset: 2|C:\xampp\htdocs\ucg\classes\app.php|47  (2012-04-06T10:46:08+02:00 )
ERROR   message: 2|Missing argument 1 for form_addtask(), called in C:\xampp\htdocs\ucg\modules\task_list.php on line 55 and defined|C:\xampp\htdocs\ucg\modules\task_list.php|64  (2012-04-06T10:46:19+02:00 )
ERROR   message: 2|Missing argument 1 for step2(), called in C:\xampp\htdocs\ucg\modules\task_list.php on line 58 and defined|C:\xampp\htdocs\ucg\modules\task_list.php|79  (2012-04-06T10:47:54+02:00 )
ERROR   message: 2|Missing argument 1 for add_url_list_task(), called in C:\xampp\htdocs\ucg\modules\task_list.php on line 60 and defined|C:\xampp\htdocs\ucg\modules\task_list.php|100  (2012-04-06T10:48:16+02:00 )
ERROR   message: 8|Undefined offset: 2|C:\xampp\htdocs\ucg\classes\app.php|47  (2012-04-06T10:48:16+02:00 )
ERROR   message: 8|Undefined offset: 2|C:\xampp\htdocs\ucg\classes\app.php|47  (2012-04-06T10:48:43+02:00 )
ERROR   message: 8|Undefined variable: out|C:\xampp\htdocs\ucg\modules\tasks.php|84  (2012-04-06T10:48:51+02:00 )
ERROR   message: 8|Undefined offset: 2|C:\xampp\htdocs\ucg\classes\app.php|47  (2012-04-06T12:51:52+02:00 )
ERROR   message: 8|Undefined offset: 2|C:\xampp\htdocs\ucg\classes\app.php|47  (2012-04-06T12:51:55+02:00 )
ERROR   message: 8|Undefined offset: 1|C:\xampp\htdocs\ucg\modules\ptf.php|89  (2012-04-06T12:52:01+02:00 )
ERROR   message: 8|Undefined variable: out|C:\xampp\htdocs\ucg\modules\ptf.php|198  (2012-04-06T12:52:06+02:00 )
ERROR   message: 8|Undefined offset: 1|C:\xampp\htdocs\ucg\modules\ptf.php|89  (2012-04-06T12:52:14+02:00 )
ERROR   message: 8|Undefined offset: 1|C:\xampp\htdocs\ucg\modules\ptf.php|89  (2012-04-06T12:52:15+02:00 )
ERROR   message: 8|Undefined offset: 2|C:\xampp\htdocs\ucg\classes\app.php|47  (2012-04-06T12:52:18+02:00 )
ERROR   message: 8|Undefined variable: allowable_tags|C:\xampp\htdocs\ucg\modules\smcurl.php|89  (2012-04-06T12:53:51+02:00 )
ERROR   message: 8|Undefined offset: 2|C:\xampp\htdocs\ucg\classes\app.php|47  (2012-04-06T12:53:52+02:00 )
ERROR   message: 8|Undefined variable: out|C:\xampp\htdocs\ucg\modules\tasks.php|84  (2012-04-06T12:55:32+02:00 )
ERROR   message: 8|Undefined offset: 1|C:\xampp\htdocs\ucg\modules\ptf.php|89  (2012-04-06T12:55:45+02:00 )
ERROR   message: 8|Undefined variable: out|C:\xampp\htdocs\ucg\modules\ptf.php|198  (2012-04-06T12:55:50+02:00 )
ERROR   message: 8|Undefined offset: 1|C:\xampp\htdocs\ucg\modules\ptf.php|89  (2012-04-06T12:55:58+02:00 )
ERROR   message: 8|Undefined offset: 1|C:\xampp\htdocs\ucg\modules\ptf.php|89  (2012-04-06T12:55:58+02:00 )
ERROR   message: 8|Undefined offset: 2|C:\xampp\htdocs\ucg\classes\app.php|47  (2012-04-06T12:57:40+02:00 )
ERROR   message: 8|Undefined offset: 2|C:\xampp\htdocs\ucg\classes\app.php|47  (2012-04-06T12:59:34+02:00 )
ERROR   message: 8|Undefined offset: 2|C:\xampp\htdocs\ucg\classes\app.php|47  (2012-04-06T13:11:12+02:00 )
ERROR   message: 8|Undefined variable: context|C:\xampp\htdocs\ucg\modules\postprocess.php|108  (2012-04-06T13:11:19+02:00 )
ERROR   message: 8|Undefined variable: out|C:\xampp\htdocs\ucg\modules\tasks.php|84  (2012-04-06T13:11:21+02:00 )
ERROR   message: 8|Undefined variable: context|C:\xampp\htdocs\ucg\modules\postprocess.php|108  (2012-04-06T13:14:19+02:00 )
ERROR   message: 8|Undefined offset: 1|C:\xampp\htdocs\ucg\modules\ptf.php|89  (2012-04-06T13:14:23+02:00 )
ERROR   message: 2|Invalid argument supplied for foreach()|C:\xampp\htdocs\ucg\modules\ptf.php|199  (2012-04-06T13:14:29+02:00 )
ERROR   message: 8|Undefined offset: 1|C:\xampp\htdocs\ucg\modules\ptf.php|89  (2012-04-06T13:14:33+02:00 )
ERROR   message: 8|Undefined offset: 1|C:\xampp\htdocs\ucg\modules\ptf.php|89  (2012-04-06T13:14:33+02:00 )
ERROR   message: 8|Undefined offset: 2|C:\xampp\htdocs\ucg\classes\app.php|47  (2012-04-06T13:14:38+02:00 )
ERROR   message: 8|Undefined offset: 2|C:\xampp\htdocs\ucg\classes\app.php|47  (2012-04-06T13:15:56+02:00 )
ERROR   message: 8|Undefined variable: out|C:\xampp\htdocs\ucg\modules\tasks.php|84  (2012-04-06T13:16:06+02:00 )
ERROR   message: 8|Undefined offset: 2|C:\xampp\htdocs\ucg\classes\app.php|47  (2012-04-06T13:16:53+02:00 )
ERROR   message: 8|Undefined offset: 1|C:\xampp\htdocs\ucg\modules\ptf.php|89  (2012-04-06T13:16:57+02:00 )
ERROR   message: 2|Invalid argument supplied for foreach()|C:\xampp\htdocs\ucg\modules\ptf.php|199  (2012-04-06T13:17:00+02:00 )
ERROR   message: 8|Undefined offset: 1|C:\xampp\htdocs\ucg\modules\ptf.php|89  (2012-04-06T13:17:04+02:00 )
ERROR   message: 8|Undefined offset: 1|C:\xampp\htdocs\ucg\modules\ptf.php|89  (2012-04-06T13:17:04+02:00 )
ERROR   message: 8|Undefined offset: 2|C:\xampp\htdocs\ucg\classes\app.php|47  (2012-04-06T13:17:08+02:00 )
ERROR   message: 8|Undefined offset: 2|C:\xampp\htdocs\ucg\classes\app.php|47  (2012-04-06T13:18:01+02:00 )
ERROR   message: 8|Undefined variable: out|C:\xampp\htdocs\ucg\modules\tasks.php|84  (2012-04-06T13:18:05+02:00 )
ERROR   message: 8|Undefined variable: out|C:\xampp\htdocs\ucg\modules\tasks.php|84  (2012-04-06T13:18:41+02:00 )
ERROR   message: 8|Undefined offset: 1|C:\xampp\htdocs\ucg\modules\ptf.php|89  (2012-04-06T13:20:14+02:00 )
ERROR   message: 8|Undefined variable: out|C:\xampp\htdocs\ucg\modules\ptf.php|198  (2012-04-06T13:20:21+02:00 )
ERROR   message: 8|Undefined offset: 1|C:\xampp\htdocs\ucg\modules\ptf.php|89  (2012-04-06T13:20:30+02:00 )
ERROR   message: 8|Undefined offset: 1|C:\xampp\htdocs\ucg\modules\ptf.php|89  (2012-04-06T13:20:30+02:00 )
ERROR   message: 8|Undefined offset: 2|C:\xampp\htdocs\ucg\classes\app.php|47  (2012-04-06T13:20:33+02:00 )
ERROR   message: 8|Undefined offset: 2|C:\xampp\htdocs\ucg\classes\app.php|47  (2012-04-06T13:21:14+02:00 )
ERROR   message: 8|Undefined variable: out|C:\xampp\htdocs\ucg\modules\tasks.php|84  (2012-04-06T13:21:28+02:00 )
ERROR   message: 8|Undefined offset: 2|C:\xampp\htdocs\ucg\classes\app.php|47  (2012-04-06T13:25:12+02:00 )
ERROR   message: 8|Undefined offset: 2|C:\xampp\htdocs\ucg\classes\app.php|47  (2012-04-06T13:25:25+02:00 )
ERROR   message: 8|Undefined offset: 2|C:\xampp\htdocs\ucg\classes\app.php|47  (2012-04-06T13:32:22+02:00 )
ERROR   message: 8|Undefined offset: 2|C:\xampp\htdocs\ucg\classes\app.php|47  (2012-04-06T13:32:22+02:00 )
ERROR   message: 8|Undefined offset: 2|C:\xampp\htdocs\ucg\classes\app.php|47  (2012-04-06T13:33:03+02:00 )
ERROR   message: 8|Undefined offset: 2|C:\xampp\htdocs\ucg\classes\app.php|47  (2012-04-06T13:33:03+02:00 )
ERROR   message: 8|Undefined offset: 2|C:\xampp\htdocs\ucg\classes\app.php|47  (2012-04-06T13:33:04+02:00 )
ERROR   message: 8|Undefined variable: out|C:\xampp\htdocs\ucg\modules\tasks.php|84  (2012-04-06T13:33:32+02:00 )
ERROR   message: 8|Undefined variable: out|C:\xampp\htdocs\ucg\modules\tasks.php|84  (2012-04-06T13:33:48+02:00 )
ERROR   message: 8|Undefined offset: 1|C:\xampp\htdocs\ucg\modules\ptf.php|89  (2012-04-06T13:33:50+02:00 )
ERROR   message: 2|Invalid argument supplied for foreach()|C:\xampp\htdocs\ucg\modules\ptf.php|199  (2012-04-06T13:33:55+02:00 )
ERROR   message: 8|Undefined offset: 1|C:\xampp\htdocs\ucg\modules\ptf.php|89  (2012-04-06T13:33:59+02:00 )
ERROR   message: 8|Undefined offset: 1|C:\xampp\htdocs\ucg\modules\ptf.php|89  (2012-04-06T13:33:59+02:00 )
ERROR   message: 8|Undefined offset: 2|C:\xampp\htdocs\ucg\classes\app.php|47  (2012-04-06T13:34:01+02:00 )
ERROR   message: 8|Undefined variable: url|C:\xampp\htdocs\ucg\modules\mcurl.php|121  (2012-04-06T13:34:18+02:00 )
ERROR   message: 8|Undefined variable: out|C:\xampp\htdocs\ucg\modules\tasks.php|84  (2012-04-06T13:34:19+02:00 )
ERROR   message: 8|Undefined offset: 2|C:\xampp\htdocs\ucg\classes\app.php|47  (2012-04-06T13:34:55+02:00 )
ERROR   message: 8|Undefined offset: 2|C:\xampp\htdocs\ucg\classes\app.php|47  (2012-04-06T13:42:42+02:00 )
ERROR   message: 8|Undefined offset: 2|C:\xampp\htdocs\ucg\classes\app.php|47  (2012-04-06T13:46:37+02:00 )
ERROR   message: 8|Undefined offset: 2|C:\xampp\htdocs\ucg\classes\app.php|47  (2012-04-06T13:47:22+02:00 )
ERROR   message: 8|Undefined offset: 1|C:\xampp\htdocs\ucg\modules\ptf.php|89  (2012-04-06T13:47:27+02:00 )
ERROR   message: 8|Undefined variable: out|C:\xampp\htdocs\ucg\modules\ptf.php|198  (2012-04-06T13:47:30+02:00 )
ERROR   message: 8|Undefined offset: 1|C:\xampp\htdocs\ucg\modules\ptf.php|89  (2012-04-06T13:47:35+02:00 )
ERROR   message: 8|Undefined offset: 1|C:\xampp\htdocs\ucg\modules\ptf.php|89  (2012-04-06T13:47:36+02:00 )
ERROR   message: 8|Undefined offset: 2|C:\xampp\htdocs\ucg\classes\app.php|47  (2012-04-06T13:47:44+02:00 )
ERROR   message: 8|Undefined offset: 2|C:\xampp\htdocs\ucg\classes\app.php|47  (2012-04-06T13:49:19+02:00 )
ERROR   message: 8|Undefined variable: out|C:\xampp\htdocs\ucg\modules\tasks.php|84  (2012-04-06T13:49:25+02:00 )
ERROR   message: 8|Undefined variable: start|C:\xampp\htdocs\ucg\modules\task.php|142  (2012-04-13T18:03:53+02:00 )
ERROR   message: 8|Undefined index: page_destination|C:\xampp\htdocs\ucg\modules\login.php|33  (2012-04-13T18:04:11+02:00 )
ERROR   message: 8|Undefined offset: 2|C:\xampp\htdocs\ucg\classes\app.php|47  (2012-04-13T18:04:12+02:00 )
ERROR   message: 8|Undefined variable: out|C:\xampp\htdocs\ucg\modules\tasks.php|84  (2012-04-13T18:06:06+02:00 )
ERROR   message: 8|Undefined offset: 2|C:\xampp\htdocs\ucg\classes\app.php|47  (2012-04-13T18:07:39+02:00 )
ERROR   message: 8|Undefined variable: context|C:\xampp\htdocs\ucg\modules\postprocess.php|108  (2012-04-13T18:07:48+02:00 )
ERROR   message: 8|Undefined variable: context|C:\xampp\htdocs\ucg\modules\postprocess.php|26  (2012-04-13T18:07:52+02:00 )
ERROR   message: 8|Undefined offset: 1|C:\xampp\htdocs\ucg\modules\ptf.php|89  (2012-04-13T18:08:25+02:00 )
ERROR   message: 8|Undefined variable: out|C:\xampp\htdocs\ucg\modules\ptf.php|198  (2012-04-13T18:08:31+02:00 )
ERROR   message: 8|Undefined offset: 2|C:\xampp\htdocs\ucg\classes\app.php|47  (2012-04-18T02:58:04+02:00 )
ERROR   message: 8|Undefined offset: 2|C:\xampp\htdocs\ucg\classes\app.php|47  (2012-04-21T00:05:35+02:00 )
ERROR   message: 8|Undefined offset: 2|C:\xampp\htdocs\ucg\classes\app.php|47  (2012-04-21T00:06:20+02:00 )
ERROR   message: 8|Undefined offset: 2|C:\xampp\htdocs\ucg\classes\app.php|47  (2012-04-21T00:06:52+02:00 )
ERROR   message: 8|Undefined offset: 2|C:\xampp\htdocs\ucg\classes\app.php|47  (2012-04-21T00:06:56+02:00 )
ERROR   message: 8|Undefined offset: 2|C:\xampp\htdocs\ucg\classes\app.php|47  (2012-04-21T00:07:11+02:00 )
ERROR   message: 8|Undefined offset: 2|C:\xampp\htdocs\ucg\classes\app.php|47  (2012-04-21T00:07:38+02:00 )
ERROR   message: 8|Undefined offset: 2|C:\xampp\htdocs\ucg\classes\app.php|47  (2012-04-21T00:14:37+02:00 )
ERROR   message: 8|Undefined offset: 2|C:\xampp\htdocs\ucg\classes\app.php|47  (2012-04-21T00:17:45+02:00 )
ERROR   message: 8|Undefined variable: text|C:\xampp\htdocs\ucg\modules\about.php|24  (2012-04-21T01:31:59+02:00 )
ERROR   message: 8|Undefined variable: text|C:\xampp\htdocs\ucg\modules\about.php|24  (2012-04-21T01:33:56+02:00 )
ERROR   message: 8|Undefined offset: 2|C:\xampp\htdocs\ucg\classes\app.php|47  (2012-04-26T02:18:38+02:00 )
ERROR   message: 8|Undefined offset: 2|C:\xampp\htdocs\ucg\classes\app.php|47  (2012-05-03T12:52:05+02:00 )
ERROR   message: 8|Undefined offset: 2|C:\xampp\htdocs\ucg\classes\app.php|47  (2012-05-03T12:52:05+02:00 )
ERROR   message: 8|Undefined index: page_destination|C:\xampp\htdocs\ucg\modules\login.php|33  (2012-05-03T12:52:13+02:00 )
ERROR   message: 8|Undefined offset: 2|C:\xampp\htdocs\ucg\classes\app.php|47  (2012-05-03T12:52:13+02:00 )
ERROR   message: 8|Undefined offset: 2|C:\xampp\htdocs\ucg\classes\app.php|47  (2012-05-03T12:52:49+02:00 )
ERROR   message: 8|Undefined offset: 2|C:\xampp\htdocs\ucg\classes\app.php|47  (2012-05-03T12:53:40+02:00 )
